[ 2016-09-05T23:04:22+08:00 ] ::1 /sanitation/
INFO: [ app_init ] --START--
INFO: Run Behavior\BuildLiteBehavior [ RunTime:0.000027s ]
INFO: [ app_init ] --END-- [ RunTime:0.001541s ]
INFO: [ app_begin ] --START--
INFO: Run Behavior\ReadHtmlCacheBehavior [ RunTime:0.001558s ]
INFO: [ app_begin ] --END-- [ RunTime:0.001712s ]
INFO: [ view_parse ] --START--
INFO: Run Behavior\ParseTemplateBehavior [ RunTime:0.001798s ]
INFO: [ view_parse ] --END-- [ RunTime:0.001982s ]
INFO: [ view_filter ] --START--
INFO: Run Behavior\WriteHtmlCacheBehavior [ RunTime:0.001283s ]
INFO: [ view_filter ] --END-- [ RunTime:0.001435s ]
INFO: [ app_end ] --START--
INFO: Run Behavior\ShowPageTraceBehavior [ RunTime:0.002059s ]
INFO: [ app_end ] --END-- [ RunTime:0.002216s ]

[ 2016-09-05T23:04:30+08:00 ] ::1 /sanitation/index.php
INFO: [ app_init ] --START--
INFO: Run Behavior\BuildLiteBehavior [ RunTime:0.000040s ]
INFO: [ app_init ] --END-- [ RunTime:0.001083s ]
INFO: [ app_begin ] --START--
INFO: Run Behavior\ReadHtmlCacheBehavior [ RunTime:0.000928s ]
INFO: [ app_begin ] --END-- [ RunTime:0.001029s ]
INFO: [ view_parse ] --START--
INFO: Run Behavior\ParseTemplateBehavior [ RunTime:0.000513s ]
INFO: [ view_parse ] --END-- [ RunTime:0.000763s ]
INFO: [ view_filter ] --START--
INFO: Run Behavior\WriteHtmlCacheBehavior [ RunTime:0.000463s ]
INFO: [ view_filter ] --END-- [ RunTime:0.000602s ]
INFO: [ app_end ] --START--
INFO: Run Behavior\ShowPageTraceBehavior [ RunTime:0.001060s ]
INFO: [ app_end ] --END-- [ RunTime:0.001189s ]

[ 2016-09-05T23:04:42+08:00 ] ::1 /sanitation/index.php/home/company/getcompanies
INFO: [ app_init ] --START--
INFO: Run Behavior\BuildLiteBehavior [ RunTime:0.000025s ]
INFO: [ app_init ] --END-- [ RunTime:0.000459s ]
INFO: [ app_begin ] --START--
INFO: Run Behavior\ReadHtmlCacheBehavior [ RunTime:0.000605s ]
INFO: [ app_begin ] --END-- [ RunTime:0.000698s ]
ERR: 无法加载控制器:Company

[ 2016-09-05T23:05:14+08:00 ] ::1 /sanitation/index.php/home/company/getcompanies
INFO: [ app_init ] --START--
INFO: Run Behavior\BuildLiteBehavior [ RunTime:0.000037s ]
INFO: [ app_init ] --END-- [ RunTime:0.000718s ]
INFO: [ app_begin ] --START--
INFO: Run Behavior\ReadHtmlCacheBehavior [ RunTime:0.000901s ]
INFO: [ app_begin ] --END-- [ RunTime:0.001053s ]
ERR: 无法加载数据库驱动: Think\Db\Driver\

[ 2016-09-05T23:06:09+08:00 ] ::1 /sanitation/index.php/home/company/getcompanies
INFO: [ app_init ] --START--
INFO: Run Behavior\BuildLiteBehavior [ RunTime:0.000034s ]
INFO: [ app_init ] --END-- [ RunTime:0.000686s ]
INFO: [ app_begin ] --START--
INFO: Run Behavior\ReadHtmlCacheBehavior [ RunTime:0.001022s ]
INFO: [ app_begin ] --END-- [ RunTime:0.001161s ]
INFO: [ app_end ] --START--
INFO: Run Behavior\ShowPageTraceBehavior [ RunTime:0.000608s ]
INFO: [ app_end ] --END-- [ RunTime:0.000701s ]

[ 2016-09-05T23:06:21+08:00 ] ::1 /sanitation/index.php/home/company/getcompanies
INFO: [ app_init ] --START--
INFO: Run Behavior\BuildLiteBehavior [ RunTime:0.000035s ]
INFO: [ app_init ] --END-- [ RunTime:0.000665s ]
INFO: [ app_begin ] --START--
INFO: Run Behavior\ReadHtmlCacheBehavior [ RunTime:0.001352s ]
INFO: [ app_begin ] --END-- [ RunTime:0.001699s ]
INFO: [ app_end ] --START--
INFO: Run Behavior\ShowPageTraceBehavior [ RunTime:0.001717s ]
INFO: [ app_end ] --END-- [ RunTime:0.001942s ]

[ 2016-09-05T23:06:34+08:00 ] ::1 /sanitation/index.php/home/company/getcompanies
INFO: [ app_init ] --START--
INFO: Run Behavior\BuildLiteBehavior [ RunTime:0.000044s ]
INFO: [ app_init ] --END-- [ RunTime:0.001488s ]
INFO: [ app_begin ] --START--
INFO: Run Behavior\ReadHtmlCacheBehavior [ RunTime:0.001150s ]
INFO: [ app_begin ] --END-- [ RunTime:0.001322s ]
ERR: 无法加载数据库驱动: Think\Db\Driver\

[ 2016-09-05T23:07:00+08:00 ] ::1 /sanitation/index.php/home/company/getcompanies
INFO: [ app_init ] --START--
INFO: Run Behavior\BuildLiteBehavior [ RunTime:0.000025s ]
INFO: [ app_init ] --END-- [ RunTime:0.000528s ]
INFO: [ app_begin ] --START--
INFO: Run Behavior\ReadHtmlCacheBehavior [ RunTime:0.000851s ]
INFO: [ app_begin ] --END-- [ RunTime:0.000986s ]
ERR: 无法加载数据库驱动: Think\Db\Driver\

[ 2016-09-05T23:08:01+08:00 ] ::1 /sanitation/index.php/home/company/getcompanies
INFO: [ app_init ] --START--
INFO: Run Behavior\BuildLiteBehavior [ RunTime:0.000023s ]
INFO: [ app_init ] --END-- [ RunTime:0.000470s ]
INFO: [ app_begin ] --START--
INFO: Run Behavior\ReadHtmlCacheBehavior [ RunTime:0.000634s ]
INFO: [ app_begin ] --END-- [ RunTime:0.000737s ]
ERR: 1146:Table 'sanitationdb.san_s_a_n__c_o_m_p_a_n_y__t_b_l' doesn't exist
 [ SQL语句 ] : SHOW COLUMNS FROM `san_s_a_n__c_o_m_p_a_n_y__t_b_l`
ERR: 1146:Table 'sanitationdb.san_s_a_n__c_o_m_p_a_n_y__t_b_l' doesn't exist
 [ SQL语句 ] : SHOW COLUMNS FROM `san_s_a_n__c_o_m_p_a_n_y__t_b_l`

[ 2016-09-05T23:08:17+08:00 ] ::1 /sanitation/index.php/home/company/getcompanies
INFO: [ app_init ] --START--
INFO: Run Behavior\BuildLiteBehavior [ RunTime:0.000035s ]
INFO: [ app_init ] --END-- [ RunTime:0.001133s ]
INFO: [ app_begin ] --START--
INFO: Run Behavior\ReadHtmlCacheBehavior [ RunTime:0.001350s ]
INFO: [ app_begin ] --END-- [ RunTime:0.001725s ]
ERR: 1146:Table 'sanitationdb.san_c_o_m_p_a_n_y__t_b_l' doesn't exist
 [ SQL语句 ] : SHOW COLUMNS FROM `san_c_o_m_p_a_n_y__t_b_l`
ERR: 1146:Table 'sanitationdb.san_c_o_m_p_a_n_y__t_b_l' doesn't exist
 [ SQL语句 ] : SHOW COLUMNS FROM `san_c_o_m_p_a_n_y__t_b_l`

[ 2016-09-05T23:08:18+08:00 ] ::1 /sanitation/index.php/home/company/getcompanies
INFO: [ app_init ] --START--
INFO: Run Behavior\BuildLiteBehavior [ RunTime:0.000038s ]
INFO: [ app_init ] --END-- [ RunTime:0.001111s ]
INFO: [ app_begin ] --START--
INFO: Run Behavior\ReadHtmlCacheBehavior [ RunTime:0.001067s ]
INFO: [ app_begin ] --END-- [ RunTime:0.001225s ]
ERR: 1146:Table 'sanitationdb.san_c_o_m_p_a_n_y__t_b_l' doesn't exist
 [ SQL语句 ] : SHOW COLUMNS FROM `san_c_o_m_p_a_n_y__t_b_l`
ERR: 1146:Table 'sanitationdb.san_c_o_m_p_a_n_y__t_b_l' doesn't exist
 [ SQL语句 ] : SHOW COLUMNS FROM `san_c_o_m_p_a_n_y__t_b_l`

[ 2016-09-05T23:09:30+08:00 ] ::1 /sanitation/index.php/home/company/getcompanies
INFO: [ app_init ] --START--
INFO: Run Behavior\BuildLiteBehavior [ RunTime:0.000026s ]
INFO: [ app_init ] --END-- [ RunTime:0.000531s ]
INFO: [ app_begin ] --START--
INFO: Run Behavior\ReadHtmlCacheBehavior [ RunTime:0.000759s ]
INFO: [ app_begin ] --END-- [ RunTime:0.000857s ]
ERR: 1146:Table 'sanitationdb.san_s_a_n__c_o_m_p_a_n_y__t_b_l' doesn't exist
 [ SQL语句 ] : SHOW COLUMNS FROM `san_s_a_n__c_o_m_p_a_n_y__t_b_l`
ERR: 1146:Table 'sanitationdb.san_s_a_n__c_o_m_p_a_n_y__t_b_l' doesn't exist
 [ SQL语句 ] : SHOW COLUMNS FROM `san_s_a_n__c_o_m_p_a_n_y__t_b_l`

[ 2016-09-05T23:09:31+08:00 ] ::1 /sanitation/index.php/home/company/getcompanies
INFO: [ app_init ] --START--
INFO: Run Behavior\BuildLiteBehavior [ RunTime:0.000034s ]
INFO: [ app_init ] --END-- [ RunTime:0.000662s ]
INFO: [ app_begin ] --START--
INFO: Run Behavior\ReadHtmlCacheBehavior [ RunTime:0.001099s ]
INFO: [ app_begin ] --END-- [ RunTime:0.001272s ]
ERR: 1146:Table 'sanitationdb.san_s_a_n__c_o_m_p_a_n_y__t_b_l' doesn't exist
 [ SQL语句 ] : SHOW COLUMNS FROM `san_s_a_n__c_o_m_p_a_n_y__t_b_l`
ERR: 1146:Table 'sanitationdb.san_s_a_n__c_o_m_p_a_n_y__t_b_l' doesn't exist
 [ SQL语句 ] : SHOW COLUMNS FROM `san_s_a_n__c_o_m_p_a_n_y__t_b_l`

[ 2016-09-05T23:09:31+08:00 ] ::1 /sanitation/index.php/home/company/getcompanies
INFO: [ app_init ] --START--
INFO: Run Behavior\BuildLiteBehavior [ RunTime:0.000024s ]
INFO: [ app_init ] --END-- [ RunTime:0.000480s ]
INFO: [ app_begin ] --START--
INFO: Run Behavior\ReadHtmlCacheBehavior [ RunTime:0.000620s ]
INFO: [ app_begin ] --END-- [ RunTime:0.000711s ]
ERR: 1146:Table 'sanitationdb.san_s_a_n__c_o_m_p_a_n_y__t_b_l' doesn't exist
 [ SQL语句 ] : SHOW COLUMNS FROM `san_s_a_n__c_o_m_p_a_n_y__t_b_l`
ERR: 1146:Table 'sanitationdb.san_s_a_n__c_o_m_p_a_n_y__t_b_l' doesn't exist
 [ SQL语句 ] : SHOW COLUMNS FROM `san_s_a_n__c_o_m_p_a_n_y__t_b_l`

[ 2016-09-05T23:09:31+08:00 ] ::1 /sanitation/index.php/home/company/getcompanies
INFO: [ app_init ] --START--
INFO: Run Behavior\BuildLiteBehavior [ RunTime:0.000091s ]
INFO: [ app_init ] --END-- [ RunTime:0.001199s ]
INFO: [ app_begin ] --START--
INFO: Run Behavior\ReadHtmlCacheBehavior [ RunTime:0.001154s ]
INFO: [ app_begin ] --END-- [ RunTime:0.001337s ]
ERR: 1146:Table 'sanitationdb.san_s_a_n__c_o_m_p_a_n_y__t_b_l' doesn't exist
 [ SQL语句 ] : SHOW COLUMNS FROM `san_s_a_n__c_o_m_p_a_n_y__t_b_l`
ERR: 1146:Table 'sanitationdb.san_s_a_n__c_o_m_p_a_n_y__t_b_l' doesn't exist
 [ SQL语句 ] : SHOW COLUMNS FROM `san_s_a_n__c_o_m_p_a_n_y__t_b_l`

[ 2016-09-05T23:09:31+08:00 ] ::1 /sanitation/index.php/home/company/getcompanies
INFO: [ app_init ] --START--
INFO: Run Behavior\BuildLiteBehavior [ RunTime:0.000037s ]
INFO: [ app_init ] --END-- [ RunTime:0.000744s ]
INFO: [ app_begin ] --START--
INFO: Run Behavior\ReadHtmlCacheBehavior [ RunTime:0.000939s ]
INFO: [ app_begin ] --END-- [ RunTime:0.001095s ]
ERR: 1146:Table 'sanitationdb.san_s_a_n__c_o_m_p_a_n_y__t_b_l' doesn't exist
 [ SQL语句 ] : SHOW COLUMNS FROM `san_s_a_n__c_o_m_p_a_n_y__t_b_l`
ERR: 1146:Table 'sanitationdb.san_s_a_n__c_o_m_p_a_n_y__t_b_l' doesn't exist
 [ SQL语句 ] : SHOW COLUMNS FROM `san_s_a_n__c_o_m_p_a_n_y__t_b_l`

[ 2016-09-05T23:09:50+08:00 ] ::1 /sanitation/index.php/home/company/getcompanies
INFO: [ app_init ] --START--
INFO: Run Behavior\BuildLiteBehavior [ RunTime:0.000026s ]
INFO: [ app_init ] --END-- [ RunTime:0.000566s ]
INFO: [ app_begin ] --START--
INFO: Run Behavior\ReadHtmlCacheBehavior [ RunTime:0.001641s ]
INFO: [ app_begin ] --END-- [ RunTime:0.001829s ]
ERR: 1146:Table 'sanitationdb.san_c_o_m_p_a_n_y' doesn't exist
 [ SQL语句 ] : SHOW COLUMNS FROM `san_c_o_m_p_a_n_y`
ERR: 1146:Table 'sanitationdb.san_c_o_m_p_a_n_y' doesn't exist
 [ SQL语句 ] : SHOW COLUMNS FROM `san_c_o_m_p_a_n_y`

[ 2016-09-05T23:14:36+08:00 ] ::1 /sanitation/index.php/home/company/getcompanies
INFO: [ app_init ] --START--
INFO: Run Behavior\BuildLiteBehavior [ RunTime:0.000039s ]
INFO: [ app_init ] --END-- [ RunTime:0.001528s ]
INFO: [ app_begin ] --START--
INFO: Run Behavior\ReadHtmlCacheBehavior [ RunTime:0.002648s ]
INFO: [ app_begin ] --END-- [ RunTime:0.002875s ]
ERR: 1146:Table 'sanitationdb.san_c_o_m_p_a_n_y' doesn't exist
 [ SQL语句 ] : SHOW COLUMNS FROM `san_c_o_m_p_a_n_y`
ERR: 1146:Table 'sanitationdb.san_c_o_m_p_a_n_y' doesn't exist
 [ SQL语句 ] : SHOW COLUMNS FROM `san_c_o_m_p_a_n_y`

[ 2016-09-05T23:14:37+08:00 ] ::1 /sanitation/index.php/home/company/getcompanies
INFO: [ app_init ] --START--
INFO: Run Behavior\BuildLiteBehavior [ RunTime:0.000025s ]
INFO: [ app_init ] --END-- [ RunTime:0.000489s ]
INFO: [ app_begin ] --START--
INFO: Run Behavior\ReadHtmlCacheBehavior [ RunTime:0.001025s ]
INFO: [ app_begin ] --END-- [ RunTime:0.001173s ]
ERR: 1146:Table 'sanitationdb.san_c_o_m_p_a_n_y' doesn't exist
 [ SQL语句 ] : SHOW COLUMNS FROM `san_c_o_m_p_a_n_y`
ERR: 1146:Table 'sanitationdb.san_c_o_m_p_a_n_y' doesn't exist
 [ SQL语句 ] : SHOW COLUMNS FROM `san_c_o_m_p_a_n_y`

[ 2016-09-05T23:14:37+08:00 ] ::1 /sanitation/index.php/home/company/getcompanies
INFO: [ app_init ] --START--
INFO: Run Behavior\BuildLiteBehavior [ RunTime:0.000024s ]
INFO: [ app_init ] --END-- [ RunTime:0.000504s ]
INFO: [ app_begin ] --START--
INFO: Run Behavior\ReadHtmlCacheBehavior [ RunTime:0.000652s ]
INFO: [ app_begin ] --END-- [ RunTime:0.000744s ]
ERR: 1146:Table 'sanitationdb.san_c_o_m_p_a_n_y' doesn't exist
 [ SQL语句 ] : SHOW COLUMNS FROM `san_c_o_m_p_a_n_y`
ERR: 1146:Table 'sanitationdb.san_c_o_m_p_a_n_y' doesn't exist
 [ SQL语句 ] : SHOW COLUMNS FROM `san_c_o_m_p_a_n_y`

[ 2016-09-05T23:14:37+08:00 ] ::1 /sanitation/index.php/home/company/getcompanies
INFO: [ app_init ] --START--
INFO: Run Behavior\BuildLiteBehavior [ RunTime:0.000025s ]
INFO: [ app_init ] --END-- [ RunTime:0.000532s ]
INFO: [ app_begin ] --START--
INFO: Run Behavior\ReadHtmlCacheBehavior [ RunTime:0.001008s ]
INFO: [ app_begin ] --END-- [ RunTime:0.001156s ]
ERR: 1146:Table 'sanitationdb.san_c_o_m_p_a_n_y' doesn't exist
 [ SQL语句 ] : SHOW COLUMNS FROM `san_c_o_m_p_a_n_y`
ERR: 1146:Table 'sanitationdb.san_c_o_m_p_a_n_y' doesn't exist
 [ SQL语句 ] : SHOW COLUMNS FROM `san_c_o_m_p_a_n_y`

[ 2016-09-05T23:14:38+08:00 ] ::1 /sanitation/index.php/home/company/getcompanies
INFO: [ app_init ] --START--
INFO: Run Behavior\BuildLiteBehavior [ RunTime:0.000036s ]
INFO: [ app_init ] --END-- [ RunTime:0.000737s ]
INFO: [ app_begin ] --START--
INFO: Run Behavior\ReadHtmlCacheBehavior [ RunTime:0.000879s ]
INFO: [ app_begin ] --END-- [ RunTime:0.001022s ]
ERR: 1146:Table 'sanitationdb.san_c_o_m_p_a_n_y' doesn't exist
 [ SQL语句 ] : SHOW COLUMNS FROM `san_c_o_m_p_a_n_y`
ERR: 1146:Table 'sanitationdb.san_c_o_m_p_a_n_y' doesn't exist
 [ SQL语句 ] : SHOW COLUMNS FROM `san_c_o_m_p_a_n_y`

[ 2016-09-05T23:14:38+08:00 ] ::1 /sanitation/index.php/home/company/getcompanies
INFO: [ app_init ] --START--
INFO: Run Behavior\BuildLiteBehavior [ RunTime:0.000037s ]
INFO: [ app_init ] --END-- [ RunTime:0.000846s ]
INFO: [ app_begin ] --START--
INFO: Run Behavior\ReadHtmlCacheBehavior [ RunTime:0.001278s ]
INFO: [ app_begin ] --END-- [ RunTime:0.001524s ]
ERR: 1146:Table 'sanitationdb.san_c_o_m_p_a_n_y' doesn't exist
 [ SQL语句 ] : SHOW COLUMNS FROM `san_c_o_m_p_a_n_y`
ERR: 1146:Table 'sanitationdb.san_c_o_m_p_a_n_y' doesn't exist
 [ SQL语句 ] : SHOW COLUMNS FROM `san_c_o_m_p_a_n_y`

[ 2016-09-05T23:14:38+08:00 ] ::1 /sanitation/index.php/home/company/getcompanies
INFO: [ app_init ] --START--
INFO: Run Behavior\BuildLiteBehavior [ RunTime:0.000042s ]
INFO: [ app_init ] --END-- [ RunTime:0.001020s ]
INFO: [ app_begin ] --START--
INFO: Run Behavior\ReadHtmlCacheBehavior [ RunTime:0.001008s ]
INFO: [ app_begin ] --END-- [ RunTime:0.001168s ]
ERR: 1146:Table 'sanitationdb.san_c_o_m_p_a_n_y' doesn't exist
 [ SQL语句 ] : SHOW COLUMNS FROM `san_c_o_m_p_a_n_y`
ERR: 1146:Table 'sanitationdb.san_c_o_m_p_a_n_y' doesn't exist
 [ SQL语句 ] : SHOW COLUMNS FROM `san_c_o_m_p_a_n_y`

[ 2016-09-05T23:14:38+08:00 ] ::1 /sanitation/index.php/home/company/getcompanies
INFO: [ app_init ] --START--
INFO: Run Behavior\BuildLiteBehavior [ RunTime:0.000182s ]
INFO: [ app_init ] --END-- [ RunTime:0.001950s ]
INFO: [ app_begin ] --START--
INFO: Run Behavior\ReadHtmlCacheBehavior [ RunTime:0.002995s ]
INFO: [ app_begin ] --END-- [ RunTime:0.003183s ]
ERR: 1146:Table 'sanitationdb.san_c_o_m_p_a_n_y' doesn't exist
 [ SQL语句 ] : SHOW COLUMNS FROM `san_c_o_m_p_a_n_y`
ERR: 1146:Table 'sanitationdb.san_c_o_m_p_a_n_y' doesn't exist
 [ SQL语句 ] : SHOW COLUMNS FROM `san_c_o_m_p_a_n_y`

[ 2016-09-05T23:14:38+08:00 ] ::1 /sanitation/index.php/home/company/getcompanies
INFO: [ app_init ] --START--
INFO: Run Behavior\BuildLiteBehavior [ RunTime:0.000089s ]
INFO: [ app_init ] --END-- [ RunTime:0.001903s ]
INFO: [ app_begin ] --START--
INFO: Run Behavior\ReadHtmlCacheBehavior [ RunTime:0.001256s ]
INFO: [ app_begin ] --END-- [ RunTime:0.001588s ]
ERR: 1146:Table 'sanitationdb.san_c_o_m_p_a_n_y' doesn't exist
 [ SQL语句 ] : SHOW COLUMNS FROM `san_c_o_m_p_a_n_y`
ERR: 1146:Table 'sanitationdb.san_c_o_m_p_a_n_y' doesn't exist
 [ SQL语句 ] : SHOW COLUMNS FROM `san_c_o_m_p_a_n_y`

[ 2016-09-05T23:14:39+08:00 ] ::1 /sanitation/index.php/home/company/getcompanies
INFO: [ app_init ] --START--
INFO: Run Behavior\BuildLiteBehavior [ RunTime:0.000089s ]
INFO: [ app_init ] --END-- [ RunTime:0.002054s ]
INFO: [ app_begin ] --START--
INFO: Run Behavior\ReadHtmlCacheBehavior [ RunTime:0.001733s ]
INFO: [ app_begin ] --END-- [ RunTime:0.005912s ]
ERR: 1146:Table 'sanitationdb.san_c_o_m_p_a_n_y' doesn't exist
 [ SQL语句 ] : SHOW COLUMNS FROM `san_c_o_m_p_a_n_y`
ERR: 1146:Table 'sanitationdb.san_c_o_m_p_a_n_y' doesn't exist
 [ SQL语句 ] : SHOW COLUMNS FROM `san_c_o_m_p_a_n_y`

[ 2016-09-05T23:14:39+08:00 ] ::1 /sanitation/index.php/home/company/getcompanies
INFO: [ app_init ] --START--
INFO: Run Behavior\BuildLiteBehavior [ RunTime:0.000037s ]
INFO: [ app_init ] --END-- [ RunTime:0.000857s ]
INFO: [ app_begin ] --START--
INFO: Run Behavior\ReadHtmlCacheBehavior [ RunTime:0.002694s ]
INFO: [ app_begin ] --END-- [ RunTime:0.002888s ]
ERR: 1146:Table 'sanitationdb.san_c_o_m_p_a_n_y' doesn't exist
 [ SQL语句 ] : SHOW COLUMNS FROM `san_c_o_m_p_a_n_y`
ERR: 1146:Table 'sanitationdb.san_c_o_m_p_a_n_y' doesn't exist
 [ SQL语句 ] : SHOW COLUMNS FROM `san_c_o_m_p_a_n_y`

[ 2016-09-05T23:14:39+08:00 ] ::1 /sanitation/index.php/home/company/getcompanies
INFO: [ app_init ] --START--
INFO: Run Behavior\BuildLiteBehavior [ RunTime:0.000069s ]
INFO: [ app_init ] --END-- [ RunTime:0.000959s ]
INFO: [ app_begin ] --START--
INFO: Run Behavior\ReadHtmlCacheBehavior [ RunTime:0.004682s ]
INFO: [ app_begin ] --END-- [ RunTime:0.004889s ]
ERR: 1146:Table 'sanitationdb.san_c_o_m_p_a_n_y' doesn't exist
 [ SQL语句 ] : SHOW COLUMNS FROM `san_c_o_m_p_a_n_y`
ERR: 1146:Table 'sanitationdb.san_c_o_m_p_a_n_y' doesn't exist
 [ SQL语句 ] : SHOW COLUMNS FROM `san_c_o_m_p_a_n_y`

[ 2016-09-05T23:14:39+08:00 ] ::1 /sanitation/index.php/home/company/getcompanies
INFO: [ app_init ] --START--
INFO: Run Behavior\BuildLiteBehavior [ RunTime:0.000055s ]
INFO: [ app_init ] --END-- [ RunTime:0.000955s ]
INFO: [ app_begin ] --START--
INFO: Run Behavior\ReadHtmlCacheBehavior [ RunTime:0.011992s ]
INFO: [ app_begin ] --END-- [ RunTime:0.012174s ]
ERR: 1146:Table 'sanitationdb.san_c_o_m_p_a_n_y' doesn't exist
 [ SQL语句 ] : SHOW COLUMNS FROM `san_c_o_m_p_a_n_y`
ERR: 1146:Table 'sanitationdb.san_c_o_m_p_a_n_y' doesn't exist
 [ SQL语句 ] : SHOW COLUMNS FROM `san_c_o_m_p_a_n_y`

[ 2016-09-05T23:14:39+08:00 ] ::1 /sanitation/index.php/home/company/getcompanies
INFO: [ app_init ] --START--
INFO: Run Behavior\BuildLiteBehavior [ RunTime:0.000052s ]
INFO: [ app_init ] --END-- [ RunTime:0.001640s ]
INFO: [ app_begin ] --START--
INFO: Run Behavior\ReadHtmlCacheBehavior [ RunTime:0.001327s ]
INFO: [ app_begin ] --END-- [ RunTime:0.001560s ]
ERR: 1146:Table 'sanitationdb.san_c_o_m_p_a_n_y' doesn't exist
 [ SQL语句 ] : SHOW COLUMNS FROM `san_c_o_m_p_a_n_y`
ERR: 1146:Table 'sanitationdb.san_c_o_m_p_a_n_y' doesn't exist
 [ SQL语句 ] : SHOW COLUMNS FROM `san_c_o_m_p_a_n_y`

[ 2016-09-05T23:14:39+08:00 ] ::1 /sanitation/index.php/home/company/getcompanies
INFO: [ app_init ] --START--
INFO: Run Behavior\BuildLiteBehavior [ RunTime:0.000052s ]
INFO: [ app_init ] --END-- [ RunTime:0.001579s ]
INFO: [ app_begin ] --START--
INFO: Run Behavior\ReadHtmlCacheBehavior [ RunTime:0.014099s ]
INFO: [ app_begin ] --END-- [ RunTime:0.014309s ]
ERR: 1146:Table 'sanitationdb.san_c_o_m_p_a_n_y' doesn't exist
 [ SQL语句 ] : SHOW COLUMNS FROM `san_c_o_m_p_a_n_y`
ERR: 1146:Table 'sanitationdb.san_c_o_m_p_a_n_y' doesn't exist
 [ SQL语句 ] : SHOW COLUMNS FROM `san_c_o_m_p_a_n_y`

[ 2016-09-05T23:14:39+08:00 ] ::1 /sanitation/index.php/home/company/getcompanies
INFO: [ app_init ] --START--
INFO: Run Behavior\BuildLiteBehavior [ RunTime:0.000064s ]
INFO: [ app_init ] --END-- [ RunTime:0.000992s ]
INFO: [ app_begin ] --START--
INFO: Run Behavior\ReadHtmlCacheBehavior [ RunTime:0.001614s ]
INFO: [ app_begin ] --END-- [ RunTime:0.002797s ]
ERR: 1146:Table 'sanitationdb.san_c_o_m_p_a_n_y' doesn't exist
 [ SQL语句 ] : SHOW COLUMNS FROM `san_c_o_m_p_a_n_y`
ERR: 1146:Table 'sanitationdb.san_c_o_m_p_a_n_y' doesn't exist
 [ SQL语句 ] : SHOW COLUMNS FROM `san_c_o_m_p_a_n_y`

[ 2016-09-05T23:14:39+08:00 ] ::1 /sanitation/index.php/home/company/getcompanies
INFO: [ app_init ] --START--
INFO: Run Behavior\BuildLiteBehavior [ RunTime:0.000038s ]
INFO: [ app_init ] --END-- [ RunTime:0.000831s ]
INFO: [ app_begin ] --START--
INFO: Run Behavior\ReadHtmlCacheBehavior [ RunTime:0.004297s ]
INFO: [ app_begin ] --END-- [ RunTime:0.004546s ]
ERR: 1146:Table 'sanitationdb.san_c_o_m_p_a_n_y' doesn't exist
 [ SQL语句 ] : SHOW COLUMNS FROM `san_c_o_m_p_a_n_y`
ERR: 1146:Table 'sanitationdb.san_c_o_m_p_a_n_y' doesn't exist
 [ SQL语句 ] : SHOW COLUMNS FROM `san_c_o_m_p_a_n_y`

[ 2016-09-05T23:14:39+08:00 ] ::1 /sanitation/index.php/home/company/getcompanies
INFO: [ app_init ] --START--
INFO: Run Behavior\BuildLiteBehavior [ RunTime:0.000044s ]
INFO: [ app_init ] --END-- [ RunTime:0.000831s ]
INFO: [ app_begin ] --START--
INFO: Run Behavior\ReadHtmlCacheBehavior [ RunTime:0.002169s ]
INFO: [ app_begin ] --END-- [ RunTime:0.002448s ]
ERR: 1146:Table 'sanitationdb.san_c_o_m_p_a_n_y' doesn't exist
 [ SQL语句 ] : SHOW COLUMNS FROM `san_c_o_m_p_a_n_y`
ERR: 1146:Table 'sanitationdb.san_c_o_m_p_a_n_y' doesn't exist
 [ SQL语句 ] : SHOW COLUMNS FROM `san_c_o_m_p_a_n_y`

[ 2016-09-05T23:14:39+08:00 ] ::1 /sanitation/index.php/home/company/getcompanies
INFO: [ app_init ] --START--
INFO: Run Behavior\BuildLiteBehavior [ RunTime:0.000037s ]
INFO: [ app_init ] --END-- [ RunTime:0.000829s ]
INFO: [ app_begin ] --START--
INFO: Run Behavior\ReadHtmlCacheBehavior [ RunTime:0.001157s ]
INFO: [ app_begin ] --END-- [ RunTime:0.001360s ]
ERR: 1146:Table 'sanitationdb.san_c_o_m_p_a_n_y' doesn't exist
 [ SQL语句 ] : SHOW COLUMNS FROM `san_c_o_m_p_a_n_y`
ERR: 1146:Table 'sanitationdb.san_c_o_m_p_a_n_y' doesn't exist
 [ SQL语句 ] : SHOW COLUMNS FROM `san_c_o_m_p_a_n_y`

[ 2016-09-05T23:14:39+08:00 ] ::1 /sanitation/index.php/home/company/getcompanies
INFO: [ app_init ] --START--
INFO: Run Behavior\BuildLiteBehavior [ RunTime:0.000043s ]
INFO: [ app_init ] --END-- [ RunTime:0.001044s ]
INFO: [ app_begin ] --START--
INFO: Run Behavior\ReadHtmlCacheBehavior [ RunTime:0.002209s ]
INFO: [ app_begin ] --END-- [ RunTime:0.002415s ]
ERR: 1146:Table 'sanitationdb.san_c_o_m_p_a_n_y' doesn't exist
 [ SQL语句 ] : SHOW COLUMNS FROM `san_c_o_m_p_a_n_y`
ERR: 1146:Table 'sanitationdb.san_c_o_m_p_a_n_y' doesn't exist
 [ SQL语句 ] : SHOW COLUMNS FROM `san_c_o_m_p_a_n_y`

[ 2016-09-05T23:14:39+08:00 ] ::1 /sanitation/index.php/home/company/getcompanies
INFO: [ app_init ] --START--
INFO: Run Behavior\BuildLiteBehavior [ RunTime:0.000042s ]
INFO: [ app_init ] --END-- [ RunTime:0.001154s ]
INFO: [ app_begin ] --START--
INFO: Run Behavior\ReadHtmlCacheBehavior [ RunTime:0.001105s ]
INFO: [ app_begin ] --END-- [ RunTime:0.001278s ]
ERR: 1146:Table 'sanitationdb.san_c_o_m_p_a_n_y' doesn't exist
 [ SQL语句 ] : SHOW COLUMNS FROM `san_c_o_m_p_a_n_y`
ERR: 1146:Table 'sanitationdb.san_c_o_m_p_a_n_y' doesn't exist
 [ SQL语句 ] : SHOW COLUMNS FROM `san_c_o_m_p_a_n_y`

[ 2016-09-05T23:14:39+08:00 ] ::1 /sanitation/index.php/home/company/getcompanies
INFO: [ app_init ] --START--
INFO: Run Behavior\BuildLiteBehavior [ RunTime:0.000040s ]
INFO: [ app_init ] --END-- [ RunTime:0.001146s ]
INFO: [ app_begin ] --START--
INFO: Run Behavior\ReadHtmlCacheBehavior [ RunTime:0.001896s ]
INFO: [ app_begin ] --END-- [ RunTime:0.002125s ]
ERR: 1146:Table 'sanitationdb.san_c_o_m_p_a_n_y' doesn't exist
 [ SQL语句 ] : SHOW COLUMNS FROM `san_c_o_m_p_a_n_y`
ERR: 1146:Table 'sanitationdb.san_c_o_m_p_a_n_y' doesn't exist
 [ SQL语句 ] : SHOW COLUMNS FROM `san_c_o_m_p_a_n_y`

[ 2016-09-05T23:14:39+08:00 ] ::1 /sanitation/index.php/home/company/getcompanies
INFO: [ app_init ] --START--
INFO: Run Behavior\BuildLiteBehavior [ RunTime:0.000047s ]
INFO: [ app_init ] --END-- [ RunTime:0.001594s ]
INFO: [ app_begin ] --START--
INFO: Run Behavior\ReadHtmlCacheBehavior [ RunTime:0.001902s ]
INFO: [ app_begin ] --END-- [ RunTime:0.002182s ]
ERR: 1146:Table 'sanitationdb.san_c_o_m_p_a_n_y' doesn't exist
 [ SQL语句 ] : SHOW COLUMNS FROM `san_c_o_m_p_a_n_y`
ERR: 1146:Table 'sanitationdb.san_c_o_m_p_a_n_y' doesn't exist
 [ SQL语句 ] : SHOW COLUMNS FROM `san_c_o_m_p_a_n_y`

[ 2016-09-05T23:14:39+08:00 ] ::1 /sanitation/index.php/home/company/getcompanies
INFO: [ app_init ] --START--
INFO: Run Behavior\BuildLiteBehavior [ RunTime:0.000045s ]
INFO: [ app_init ] --END-- [ RunTime:0.001991s ]
INFO: [ app_begin ] --START--
INFO: Run Behavior\ReadHtmlCacheBehavior [ RunTime:0.001168s ]
INFO: [ app_begin ] --END-- [ RunTime:0.001345s ]
ERR: 1146:Table 'sanitationdb.san_c_o_m_p_a_n_y' doesn't exist
 [ SQL语句 ] : SHOW COLUMNS FROM `san_c_o_m_p_a_n_y`
ERR: 1146:Table 'sanitationdb.san_c_o_m_p_a_n_y' doesn't exist
 [ SQL语句 ] : SHOW COLUMNS FROM `san_c_o_m_p_a_n_y`

[ 2016-09-05T23:14:39+08:00 ] ::1 /sanitation/index.php/home/company/getcompanies
INFO: [ app_init ] --START--
INFO: Run Behavior\BuildLiteBehavior [ RunTime:0.000043s ]
INFO: [ app_init ] --END-- [ RunTime:0.001434s ]
INFO: [ app_begin ] --START--
INFO: Run Behavior\ReadHtmlCacheBehavior [ RunTime:0.001085s ]
INFO: [ app_begin ] --END-- [ RunTime:0.001274s ]
ERR: 1146:Table 'sanitationdb.san_c_o_m_p_a_n_y' doesn't exist
 [ SQL语句 ] : SHOW COLUMNS FROM `san_c_o_m_p_a_n_y`
ERR: 1146:Table 'sanitationdb.san_c_o_m_p_a_n_y' doesn't exist
 [ SQL语句 ] : SHOW COLUMNS FROM `san_c_o_m_p_a_n_y`

[ 2016-09-05T23:14:40+08:00 ] ::1 /sanitation/index.php/home/company/getcompanies
INFO: [ app_init ] --START--
INFO: Run Behavior\BuildLiteBehavior [ RunTime:0.000042s ]
INFO: [ app_init ] --END-- [ RunTime:0.000864s ]
INFO: [ app_begin ] --START--
INFO: Run Behavior\ReadHtmlCacheBehavior [ RunTime:0.001058s ]
INFO: [ app_begin ] --END-- [ RunTime:0.001229s ]
ERR: 1146:Table 'sanitationdb.san_c_o_m_p_a_n_y' doesn't exist
 [ SQL语句 ] : SHOW COLUMNS FROM `san_c_o_m_p_a_n_y`
ERR: 1146:Table 'sanitationdb.san_c_o_m_p_a_n_y' doesn't exist
 [ SQL语句 ] : SHOW COLUMNS FROM `san_c_o_m_p_a_n_y`

[ 2016-09-05T23:14:40+08:00 ] ::1 /sanitation/index.php/home/company/getcompanies
INFO: [ app_init ] --START--
INFO: Run Behavior\BuildLiteBehavior [ RunTime:0.000051s ]
INFO: [ app_init ] --END-- [ RunTime:0.001875s ]
INFO: [ app_begin ] --START--
INFO: Run Behavior\ReadHtmlCacheBehavior [ RunTime:0.012917s ]
INFO: [ app_begin ] --END-- [ RunTime:0.013101s ]
ERR: 1146:Table 'sanitationdb.san_c_o_m_p_a_n_y' doesn't exist
 [ SQL语句 ] : SHOW COLUMNS FROM `san_c_o_m_p_a_n_y`
ERR: 1146:Table 'sanitationdb.san_c_o_m_p_a_n_y' doesn't exist
 [ SQL语句 ] : SHOW COLUMNS FROM `san_c_o_m_p_a_n_y`

[ 2016-09-05T23:14:40+08:00 ] ::1 /sanitation/index.php/home/company/getcompanies
INFO: [ app_init ] --START--
INFO: Run Behavior\BuildLiteBehavior [ RunTime:0.000079s ]
INFO: [ app_init ] --END-- [ RunTime:0.003969s ]
INFO: [ app_begin ] --START--
INFO: Run Behavior\ReadHtmlCacheBehavior [ RunTime:0.002126s ]
INFO: [ app_begin ] --END-- [ RunTime:0.002316s ]
ERR: 1146:Table 'sanitationdb.san_c_o_m_p_a_n_y' doesn't exist
 [ SQL语句 ] : SHOW COLUMNS FROM `san_c_o_m_p_a_n_y`
ERR: 1146:Table 'sanitationdb.san_c_o_m_p_a_n_y' doesn't exist
 [ SQL语句 ] : SHOW COLUMNS FROM `san_c_o_m_p_a_n_y`

[ 2016-09-05T23:14:40+08:00 ] ::1 /sanitation/index.php/home/company/getcompanies
INFO: [ app_init ] --START--
INFO: Run Behavior\BuildLiteBehavior [ RunTime:0.000076s ]
INFO: [ app_init ] --END-- [ RunTime:0.007485s ]
INFO: [ app_begin ] --START--
INFO: Run Behavior\ReadHtmlCacheBehavior [ RunTime:0.001175s ]
INFO: [ app_begin ] --END-- [ RunTime:0.001430s ]
ERR: 1146:Table 'sanitationdb.san_c_o_m_p_a_n_y' doesn't exist
 [ SQL语句 ] : SHOW COLUMNS FROM `san_c_o_m_p_a_n_y`
ERR: 1146:Table 'sanitationdb.san_c_o_m_p_a_n_y' doesn't exist
 [ SQL语句 ] : SHOW COLUMNS FROM `san_c_o_m_p_a_n_y`

[ 2016-09-05T23:14:40+08:00 ] ::1 /sanitation/index.php/home/company/getcompanies
INFO: [ app_init ] --START--
INFO: Run Behavior\BuildLiteBehavior [ RunTime:0.000040s ]
INFO: [ app_init ] --END-- [ RunTime:0.000893s ]
INFO: [ app_begin ] --START--
INFO: Run Behavior\ReadHtmlCacheBehavior [ RunTime:0.001338s ]
INFO: [ app_begin ] --END-- [ RunTime:0.001771s ]
ERR: 1146:Table 'sanitationdb.san_c_o_m_p_a_n_y' doesn't exist
 [ SQL语句 ] : SHOW COLUMNS FROM `san_c_o_m_p_a_n_y`
ERR: 1146:Table 'sanitationdb.san_c_o_m_p_a_n_y' doesn't exist
 [ SQL语句 ] : SHOW COLUMNS FROM `san_c_o_m_p_a_n_y`

[ 2016-09-05T23:14:40+08:00 ] ::1 /sanitation/index.php/home/company/getcompanies
INFO: [ app_init ] --START--
INFO: Run Behavior\BuildLiteBehavior [ RunTime:0.000042s ]
INFO: [ app_init ] --END-- [ RunTime:0.000789s ]
INFO: [ app_begin ] --START--
INFO: Run Behavior\ReadHtmlCacheBehavior [ RunTime:0.001180s ]
INFO: [ app_begin ] --END-- [ RunTime:0.001372s ]
ERR: 1146:Table 'sanitationdb.san_c_o_m_p_a_n_y' doesn't exist
 [ SQL语句 ] : SHOW COLUMNS FROM `san_c_o_m_p_a_n_y`
ERR: 1146:Table 'sanitationdb.san_c_o_m_p_a_n_y' doesn't exist
 [ SQL语句 ] : SHOW COLUMNS FROM `san_c_o_m_p_a_n_y`

[ 2016-09-05T23:14:40+08:00 ] ::1 /sanitation/index.php/home/company/getcompanies
INFO: [ app_init ] --START--
INFO: Run Behavior\BuildLiteBehavior [ RunTime:0.000039s ]
INFO: [ app_init ] --END-- [ RunTime:0.000905s ]
INFO: [ app_begin ] --START--
INFO: Run Behavior\ReadHtmlCacheBehavior [ RunTime:0.000967s ]
INFO: [ app_begin ] --END-- [ RunTime:0.001152s ]
ERR: 1146:Table 'sanitationdb.san_c_o_m_p_a_n_y' doesn't exist
 [ SQL语句 ] : SHOW COLUMNS FROM `san_c_o_m_p_a_n_y`
ERR: 1146:Table 'sanitationdb.san_c_o_m_p_a_n_y' doesn't exist
 [ SQL语句 ] : SHOW COLUMNS FROM `san_c_o_m_p_a_n_y`

[ 2016-09-05T23:14:40+08:00 ] ::1 /sanitation/index.php/home/company/getcompanies
INFO: [ app_init ] --START--
INFO: Run Behavior\BuildLiteBehavior [ RunTime:0.000037s ]
INFO: [ app_init ] --END-- [ RunTime:0.000833s ]
INFO: [ app_begin ] --START--
INFO: Run Behavior\ReadHtmlCacheBehavior [ RunTime:0.001097s ]
INFO: [ app_begin ] --END-- [ RunTime:0.001272s ]
ERR: 1146:Table 'sanitationdb.san_c_o_m_p_a_n_y' doesn't exist
 [ SQL语句 ] : SHOW COLUMNS FROM `san_c_o_m_p_a_n_y`
ERR: 1146:Table 'sanitationdb.san_c_o_m_p_a_n_y' doesn't exist
 [ SQL语句 ] : SHOW COLUMNS FROM `san_c_o_m_p_a_n_y`

[ 2016-09-05T23:14:56+08:00 ] ::1 /sanitation/index.php/home/company/getcompanies
INFO: [ app_init ] --START--
INFO: Run Behavior\BuildLiteBehavior [ RunTime:0.000041s ]
INFO: [ app_init ] --END-- [ RunTime:0.000705s ]
INFO: [ app_begin ] --START--
INFO: Run Behavior\ReadHtmlCacheBehavior [ RunTime:0.000791s ]
INFO: [ app_begin ] --END-- [ RunTime:0.000917s ]
ERR: 1146:Table 'sanitationdb.san_c_o_m_p_a_n_y' doesn't exist
 [ SQL语句 ] : SHOW COLUMNS FROM `san_c_o_m_p_a_n_y`
ERR: 1146:Table 'sanitationdb.san_c_o_m_p_a_n_y' doesn't exist
 [ SQL语句 ] : SHOW COLUMNS FROM `san_c_o_m_p_a_n_y`

[ 2016-09-05T23:14:57+08:00 ] ::1 /sanitation/index.php/home/company/getcompanies
INFO: [ app_init ] --START--
INFO: Run Behavior\BuildLiteBehavior [ RunTime:0.000024s ]
INFO: [ app_init ] --END-- [ RunTime:0.000479s ]
INFO: [ app_begin ] --START--
INFO: Run Behavior\ReadHtmlCacheBehavior [ RunTime:0.000838s ]
INFO: [ app_begin ] --END-- [ RunTime:0.000946s ]
ERR: 1146:Table 'sanitationdb.san_c_o_m_p_a_n_y' doesn't exist
 [ SQL语句 ] : SHOW COLUMNS FROM `san_c_o_m_p_a_n_y`
ERR: 1146:Table 'sanitationdb.san_c_o_m_p_a_n_y' doesn't exist
 [ SQL语句 ] : SHOW COLUMNS FROM `san_c_o_m_p_a_n_y`

[ 2016-09-05T23:14:57+08:00 ] ::1 /sanitation/index.php/home/company/getcompanies
INFO: [ app_init ] --START--
INFO: Run Behavior\BuildLiteBehavior [ RunTime:0.000033s ]
INFO: [ app_init ] --END-- [ RunTime:0.000528s ]
INFO: [ app_begin ] --START--
INFO: Run Behavior\ReadHtmlCacheBehavior [ RunTime:0.001161s ]
INFO: [ app_begin ] --END-- [ RunTime:0.001305s ]
ERR: 1146:Table 'sanitationdb.san_c_o_m_p_a_n_y' doesn't exist
 [ SQL语句 ] : SHOW COLUMNS FROM `san_c_o_m_p_a_n_y`
ERR: 1146:Table 'sanitationdb.san_c_o_m_p_a_n_y' doesn't exist
 [ SQL语句 ] : SHOW COLUMNS FROM `san_c_o_m_p_a_n_y`

[ 2016-09-05T23:14:57+08:00 ] ::1 /sanitation/index.php/home/company/getcompanies
INFO: [ app_init ] --START--
INFO: Run Behavior\BuildLiteBehavior [ RunTime:0.000052s ]
INFO: [ app_init ] --END-- [ RunTime:0.002679s ]
INFO: [ app_begin ] --START--
INFO: Run Behavior\ReadHtmlCacheBehavior [ RunTime:0.001868s ]
INFO: [ app_begin ] --END-- [ RunTime:0.002112s ]
ERR: 1146:Table 'sanitationdb.san_c_o_m_p_a_n_y' doesn't exist
 [ SQL语句 ] : SHOW COLUMNS FROM `san_c_o_m_p_a_n_y`
ERR: 1146:Table 'sanitationdb.san_c_o_m_p_a_n_y' doesn't exist
 [ SQL语句 ] : SHOW COLUMNS FROM `san_c_o_m_p_a_n_y`

[ 2016-09-05T23:14:58+08:00 ] ::1 /sanitation/index.php/home/company/getcompanies
INFO: [ app_init ] --START--
INFO: Run Behavior\BuildLiteBehavior [ RunTime:0.000041s ]
INFO: [ app_init ] --END-- [ RunTime:0.000849s ]
INFO: [ app_begin ] --START--
INFO: Run Behavior\ReadHtmlCacheBehavior [ RunTime:0.000763s ]
INFO: [ app_begin ] --END-- [ RunTime:0.000914s ]
ERR: 1146:Table 'sanitationdb.san_c_o_m_p_a_n_y' doesn't exist
 [ SQL语句 ] : SHOW COLUMNS FROM `san_c_o_m_p_a_n_y`
ERR: 1146:Table 'sanitationdb.san_c_o_m_p_a_n_y' doesn't exist
 [ SQL语句 ] : SHOW COLUMNS FROM `san_c_o_m_p_a_n_y`

[ 2016-09-05T23:14:58+08:00 ] ::1 /sanitation/index.php/home/company/getcompanies
INFO: [ app_init ] --START--
INFO: Run Behavior\BuildLiteBehavior [ RunTime:0.000027s ]
INFO: [ app_init ] --END-- [ RunTime:0.000638s ]
INFO: [ app_begin ] --START--
INFO: Run Behavior\ReadHtmlCacheBehavior [ RunTime:0.000643s ]
INFO: [ app_begin ] --END-- [ RunTime:0.000842s ]
ERR: 1146:Table 'sanitationdb.san_c_o_m_p_a_n_y' doesn't exist
 [ SQL语句 ] : SHOW COLUMNS FROM `san_c_o_m_p_a_n_y`
ERR: 1146:Table 'sanitationdb.san_c_o_m_p_a_n_y' doesn't exist
 [ SQL语句 ] : SHOW COLUMNS FROM `san_c_o_m_p_a_n_y`

[ 2016-09-05T23:14:58+08:00 ] ::1 /sanitation/index.php/home/company/getcompanies
INFO: [ app_init ] --START--
INFO: Run Behavior\BuildLiteBehavior [ RunTime:0.000040s ]
INFO: [ app_init ] --END-- [ RunTime:0.000777s ]
INFO: [ app_begin ] --START--
INFO: Run Behavior\ReadHtmlCacheBehavior [ RunTime:0.001082s ]
INFO: [ app_begin ] --END-- [ RunTime:0.001455s ]
ERR: 1146:Table 'sanitationdb.san_c_o_m_p_a_n_y' doesn't exist
 [ SQL语句 ] : SHOW COLUMNS FROM `san_c_o_m_p_a_n_y`
ERR: 1146:Table 'sanitationdb.san_c_o_m_p_a_n_y' doesn't exist
 [ SQL语句 ] : SHOW COLUMNS FROM `san_c_o_m_p_a_n_y`

[ 2016-09-05T23:14:58+08:00 ] ::1 /sanitation/index.php/home/company/getcompanies
INFO: [ app_init ] --START--
INFO: Run Behavior\BuildLiteBehavior [ RunTime:0.000029s ]
INFO: [ app_init ] --END-- [ RunTime:0.000583s ]
INFO: [ app_begin ] --START--
INFO: Run Behavior\ReadHtmlCacheBehavior [ RunTime:0.000883s ]
INFO: [ app_begin ] --END-- [ RunTime:0.001037s ]
ERR: 1146:Table 'sanitationdb.san_c_o_m_p_a_n_y' doesn't exist
 [ SQL语句 ] : SHOW COLUMNS FROM `san_c_o_m_p_a_n_y`
ERR: 1146:Table 'sanitationdb.san_c_o_m_p_a_n_y' doesn't exist
 [ SQL语句 ] : SHOW COLUMNS FROM `san_c_o_m_p_a_n_y`

[ 2016-09-05T23:14:59+08:00 ] ::1 /sanitation/index.php/home/company/getcompanies
INFO: [ app_init ] --START--
INFO: Run Behavior\BuildLiteBehavior [ RunTime:0.000026s ]
INFO: [ app_init ] --END-- [ RunTime:0.000520s ]
INFO: [ app_begin ] --START--
INFO: Run Behavior\ReadHtmlCacheBehavior [ RunTime:0.000618s ]
INFO: [ app_begin ] --END-- [ RunTime:0.000708s ]
ERR: 1146:Table 'sanitationdb.san_c_o_m_p_a_n_y' doesn't exist
 [ SQL语句 ] : SHOW COLUMNS FROM `san_c_o_m_p_a_n_y`
ERR: 1146:Table 'sanitationdb.san_c_o_m_p_a_n_y' doesn't exist
 [ SQL语句 ] : SHOW COLUMNS FROM `san_c_o_m_p_a_n_y`

[ 2016-09-05T23:14:59+08:00 ] ::1 /sanitation/index.php/home/company/getcompanies
INFO: [ app_init ] --START--
INFO: Run Behavior\BuildLiteBehavior [ RunTime:0.000044s ]
INFO: [ app_init ] --END-- [ RunTime:0.000808s ]
INFO: [ app_begin ] --START--
INFO: Run Behavior\ReadHtmlCacheBehavior [ RunTime:0.001018s ]
INFO: [ app_begin ] --END-- [ RunTime:0.001199s ]
ERR: 1146:Table 'sanitationdb.san_c_o_m_p_a_n_y' doesn't exist
 [ SQL语句 ] : SHOW COLUMNS FROM `san_c_o_m_p_a_n_y`
ERR: 1146:Table 'sanitationdb.san_c_o_m_p_a_n_y' doesn't exist
 [ SQL语句 ] : SHOW COLUMNS FROM `san_c_o_m_p_a_n_y`

[ 2016-09-05T23:14:59+08:00 ] ::1 /sanitation/index.php/home/company/getcompanies
INFO: [ app_init ] --START--
INFO: Run Behavior\BuildLiteBehavior [ RunTime:0.000026s ]
INFO: [ app_init ] --END-- [ RunTime:0.000526s ]
INFO: [ app_begin ] --START--
INFO: Run Behavior\ReadHtmlCacheBehavior [ RunTime:0.000642s ]
INFO: [ app_begin ] --END-- [ RunTime:0.000743s ]
ERR: 1146:Table 'sanitationdb.san_c_o_m_p_a_n_y' doesn't exist
 [ SQL语句 ] : SHOW COLUMNS FROM `san_c_o_m_p_a_n_y`
ERR: 1146:Table 'sanitationdb.san_c_o_m_p_a_n_y' doesn't exist
 [ SQL语句 ] : SHOW COLUMNS FROM `san_c_o_m_p_a_n_y`

[ 2016-09-05T23:14:59+08:00 ] ::1 /sanitation/index.php/home/company/getcompanies
INFO: [ app_init ] --START--
INFO: Run Behavior\BuildLiteBehavior [ RunTime:0.000041s ]
INFO: [ app_init ] --END-- [ RunTime:0.000642s ]
INFO: [ app_begin ] --START--
INFO: Run Behavior\ReadHtmlCacheBehavior [ RunTime:0.001062s ]
INFO: [ app_begin ] --END-- [ RunTime:0.001242s ]
ERR: 1146:Table 'sanitationdb.san_c_o_m_p_a_n_y' doesn't exist
 [ SQL语句 ] : SHOW COLUMNS FROM `san_c_o_m_p_a_n_y`
ERR: 1146:Table 'sanitationdb.san_c_o_m_p_a_n_y' doesn't exist
 [ SQL语句 ] : SHOW COLUMNS FROM `san_c_o_m_p_a_n_y`

[ 2016-09-05T23:15:00+08:00 ] ::1 /sanitation/index.php/home/company/getcompanies
INFO: [ app_init ] --START--
INFO: Run Behavior\BuildLiteBehavior [ RunTime:0.000040s ]
INFO: [ app_init ] --END-- [ RunTime:0.000862s ]
INFO: [ app_begin ] --START--
INFO: Run Behavior\ReadHtmlCacheBehavior [ RunTime:0.001116s ]
INFO: [ app_begin ] --END-- [ RunTime:0.001413s ]
ERR: 1146:Table 'sanitationdb.san_c_o_m_p_a_n_y' doesn't exist
 [ SQL语句 ] : SHOW COLUMNS FROM `san_c_o_m_p_a_n_y`
ERR: 1146:Table 'sanitationdb.san_c_o_m_p_a_n_y' doesn't exist
 [ SQL语句 ] : SHOW COLUMNS FROM `san_c_o_m_p_a_n_y`

[ 2016-09-05T23:17:44+08:00 ] ::1 /sanitation/index.php/home/company/getcompanies
INFO: [ app_init ] --START--
INFO: Run Behavior\BuildLiteBehavior [ RunTime:0.000030s ]
INFO: [ app_init ] --END-- [ RunTime:0.000988s ]
INFO: [ app_begin ] --START--
INFO: Run Behavior\ReadHtmlCacheBehavior [ RunTime:0.002279s ]
INFO: [ app_begin ] --END-- [ RunTime:0.002578s ]
ERR: 1146:Table 'sanitationdb.sanc_o_m_p_a_n_y' doesn't exist
 [ SQL语句 ] : SHOW COLUMNS FROM `sanc_o_m_p_a_n_y`
ERR: 1146:Table 'sanitationdb.sanc_o_m_p_a_n_y' doesn't exist
 [ SQL语句 ] : SHOW COLUMNS FROM `sanc_o_m_p_a_n_y`

[ 2016-09-05T23:18:06+08:00 ] ::1 /sanitation/index.php/home/company/getcompanies
INFO: [ app_init ] --START--
INFO: Run Behavior\BuildLiteBehavior [ RunTime:0.000042s ]
INFO: [ app_init ] --END-- [ RunTime:0.000801s ]
INFO: [ app_begin ] --START--
INFO: Run Behavior\ReadHtmlCacheBehavior [ RunTime:0.000921s ]
INFO: [ app_begin ] --END-- [ RunTime:0.001094s ]
ERR: 1146:Table 'sanitationdb.san_company' doesn't exist
 [ SQL语句 ] : SHOW COLUMNS FROM `san_company`
ERR: 1146:Table 'sanitationdb.san_company' doesn't exist
 [ SQL语句 ] : SHOW COLUMNS FROM `san_company`

[ 2016-09-05T23:18:18+08:00 ] ::1 /sanitation/index.php/home/company/getcompanies
INFO: [ app_init ] --START--
INFO: Run Behavior\BuildLiteBehavior [ RunTime:0.000040s ]
INFO: [ app_init ] --END-- [ RunTime:0.000717s ]
INFO: [ app_begin ] --START--
INFO: Run Behavior\ReadHtmlCacheBehavior [ RunTime:0.000950s ]
INFO: [ app_begin ] --END-- [ RunTime:0.001121s ]
SQL: SHOW COLUMNS FROM `san_company_tbl` [ RunTime:0.0080s ]
INFO: [ app_end ] --START--
INFO: Run Behavior\ShowPageTraceBehavior [ RunTime:0.001451s ]
INFO: [ app_end ] --END-- [ RunTime:0.001658s ]

[ 2016-09-05T23:18:32+08:00 ] ::1 /sanitation/index.php/home/company/getcompanies
INFO: [ app_init ] --START--
INFO: Run Behavior\BuildLiteBehavior [ RunTime:0.000030s ]
INFO: [ app_init ] --END-- [ RunTime:0.000544s ]
INFO: [ app_begin ] --START--
INFO: Run Behavior\ReadHtmlCacheBehavior [ RunTime:0.000805s ]
INFO: [ app_begin ] --END-- [ RunTime:0.000932s ]
SQL: SELECT `ID`,`COMPANY_NAME` FROM `san_company_tbl`  [ RunTime:0.0015s ]
NOTIC: [8] Array to string conversion C:\wamp\www\sanitation\Application\Home\Controller\CompanyController.class.php 第 20 行.
INFO: [ app_end ] --START--
INFO: Run Behavior\ShowPageTraceBehavior [ RunTime:0.001033s ]
INFO: [ app_end ] --END-- [ RunTime:0.001145s ]

[ 2016-09-05T23:18:57+08:00 ] ::1 /sanitation/index.php/home/company/getcompanies
INFO: [ app_init ] --START--
INFO: Run Behavior\BuildLiteBehavior [ RunTime:0.000029s ]
INFO: [ app_init ] --END-- [ RunTime:0.000594s ]
INFO: [ app_begin ] --START--
INFO: Run Behavior\ReadHtmlCacheBehavior [ RunTime:0.000876s ]
INFO: [ app_begin ] --END-- [ RunTime:0.001034s ]
SQL: SELECT `ID`,`COMPANY_NAME` FROM `san_company_tbl`  [ RunTime:0.0009s ]
INFO: [ app_end ] --START--
INFO: Run Behavior\ShowPageTraceBehavior [ RunTime:0.001087s ]
INFO: [ app_end ] --END-- [ RunTime:0.001288s ]

[ 2016-09-05T23:29:12+08:00 ] ::1 /sanitation/index.php/home/company/getcompanies
INFO: [ app_init ] --START--
INFO: Run Behavior\BuildLiteBehavior [ RunTime:0.000191s ]
INFO: [ app_init ] --END-- [ RunTime:0.001112s ]
INFO: [ app_begin ] --START--
INFO: Run Behavior\ReadHtmlCacheBehavior [ RunTime:0.000941s ]
INFO: [ app_begin ] --END-- [ RunTime:0.001054s ]
SQL: SHOW COLUMNS FROM `san_company` [ RunTime:0.0063s ]
SQL: SELECT `ID`,`COMPANY_NAME` FROM `san_company`  [ RunTime:0.0011s ]
SQL: SHOW COLUMNS FROM `san_errcode` [ RunTime:0.0054s ]
SQL: SELECT `msg` FROM `san_errcode` WHERE `code` = 'CM0000' LIMIT 1   [ RunTime:0.0029s ]
INFO: [ app_end ] --START--
INFO: Run Behavior\ShowPageTraceBehavior [ RunTime:0.001543s ]
INFO: [ app_end ] --END-- [ RunTime:0.001703s ]

[ 2016-09-05T23:31:26+08:00 ] ::1 /sanitation/home/company/getcompanies
INFO: [ app_init ] --START--
INFO: Run Behavior\BuildLiteBehavior [ RunTime:0.000058s ]
INFO: [ app_init ] --END-- [ RunTime:0.001476s ]
INFO: [ app_begin ] --START--
INFO: Run Behavior\ReadHtmlCacheBehavior [ RunTime:0.001036s ]
INFO: [ app_begin ] --END-- [ RunTime:0.001180s ]
SQL: SELECT `ID`,`COMPANY_NAME` FROM `san_company`  [ RunTime:0.0018s ]
SQL: SELECT `msg` FROM `san_errcode` WHERE `code` = 'CM0000' LIMIT 1   [ RunTime:0.0014s ]
INFO: [ app_end ] --START--
INFO: Run Behavior\ShowPageTraceBehavior [ RunTime:0.000850s ]
INFO: [ app_end ] --END-- [ RunTime:0.000956s ]

[ 2016-09-05T23:31:28+08:00 ] ::1 /sanitation/home/company/getcompanies
INFO: [ app_init ] --START--
INFO: Run Behavior\BuildLiteBehavior [ RunTime:0.000032s ]
INFO: [ app_init ] --END-- [ RunTime:0.000675s ]
INFO: [ app_begin ] --START--
INFO: Run Behavior\ReadHtmlCacheBehavior [ RunTime:0.000602s ]
INFO: [ app_begin ] --END-- [ RunTime:0.000698s ]
SQL: SELECT `ID`,`COMPANY_NAME` FROM `san_company`  [ RunTime:0.0011s ]
SQL: SELECT `msg` FROM `san_errcode` WHERE `code` = 'CM0000' LIMIT 1   [ RunTime:0.0011s ]
INFO: [ app_end ] --START--
INFO: Run Behavior\ShowPageTraceBehavior [ RunTime:0.001063s ]
INFO: [ app_end ] --END-- [ RunTime:0.001251s ]

[ 2016-09-05T23:39:17+08:00 ] ::1 /sanitation/home/company/getcompanies
INFO: [ app_init ] --START--
INFO: Run Behavior\BuildLiteBehavior [ RunTime:0.000031s ]
INFO: [ app_init ] --END-- [ RunTime:0.001278s ]
INFO: [ app_begin ] --START--
INFO: Run Behavior\ReadHtmlCacheBehavior [ RunTime:0.001160s ]
INFO: [ app_begin ] --END-- [ RunTime:0.001278s ]
SQL: SELECT `ID`,`COMPANY_NAME` FROM `san_company`  [ RunTime:0.0011s ]
SQL: SELECT `msg` FROM `san_errcode` WHERE `code` = 'CM0000' LIMIT 1   [ RunTime:0.0014s ]
INFO: [ app_end ] --START--
INFO: Run Behavior\ShowPageTraceBehavior [ RunTime:0.001479s ]
INFO: [ app_end ] --END-- [ RunTime:0.001640s ]

[ 2016-09-05T23:51:21+08:00 ] ::1 /sanitation/home/company/getcompanies
INFO: [ app_init ] --START--
INFO: Run Behavior\BuildLiteBehavior [ RunTime:0.000042s ]
INFO: [ app_init ] --END-- [ RunTime:0.001189s ]
INFO: [ app_begin ] --START--
INFO: Run Behavior\ReadHtmlCacheBehavior [ RunTime:0.001433s ]
INFO: [ app_begin ] --END-- [ RunTime:0.001608s ]
SQL: SELECT `ID`,`COMPANY_NAME` FROM `san_company`  [ RunTime:0.0011s ]
SQL: SELECT `msg` FROM `san_errcode` WHERE `code` = 'CM0000' LIMIT 1   [ RunTime:0.0012s ]
INFO: [ app_end ] --START--
INFO: Run Behavior\ShowPageTraceBehavior [ RunTime:0.001891s ]
INFO: [ app_end ] --END-- [ RunTime:0.002123s ]

